<?xml version="1.0" encoding="UTF-8"?>
<!-- Generated by org.testng.reporters.JUnitReportReporter -->
<testsuite hostname="DESKTOP-COIORKL" failures="0" tests="6" name="TestCasesSauceDemo.MainTestCases" time="0.657" errors="0" timestamp="2024-12-31T17:40:21 AST" skipped="3">
  <testcase classname="TestCasesSauceDemo.MainTestCases" name="Login" time="0.232"/>
  <system-out/>
  <testcase classname="TestCasesSauceDemo.MainTestCases" name="AddRandomitem" time="0.052"/>
  <system-out/>
  <testcase classname="TestCasesSauceDemo.MainTestCases" name="CheckoutProcess" time="0.373"/>
  <system-out/>
  <testcase classname="TestCasesSauceDemo.MainTestCases" name="AddItemsThatStartsWithSauce">
    <skipped/>
  </testcase> <!-- AddItemsThatStartsWithSauce -->
  <system-out/>
  <testcase classname="TestCasesSauceDemo.MainTestCases" name="AddAllItems">
    <skipped/>
  </testcase> <!-- AddAllItems -->
  <system-out/>
  <testcase classname="TestCasesSauceDemo.MainTestCases" name="AddCertainNumberOfItems">
    <skipped/>
  </testcase> <!-- AddCertainNumberOfItems -->
  <system-out/>
</testsuite> <!-- TestCasesSauceDemo.MainTestCases -->
